0 silly argv {
0 silly argv   _: [ 'run' ],
0 silly argv   scope: 'client',
0 silly argv   lernaVersion: '5.4.3',
0 silly argv   '$0': '/home/lemm1ng/code/pets/yandex/BattleCity/node_modules/.bin/lerna',
0 silly argv   script: 'dev'
0 silly argv }
1 notice cli v5.4.3
2 verbose rootPath /home/lemm1ng/code/pets/yandex/BattleCity
3 error JSONError: Unexpected number in JSON at position 334 while parsing '{  "name": "client",  "version": "0.0.' in packages/client/package.json
3 error
3 error [0m [90m 13 |[39m   [32m"dependencies"[39m[33m:[39m {[0m
3 error [0m [90m 14 |[39m     [32m"dotenv"[39m[33m:[39m [32m"^16.0.2"[39m[33m,[39m[0m
3 error [0m[31m[1m>[22m[39m[90m 15 |[39m     [32m"eslint-config-prettier"[39m[33m:[39m [32m"^8.5.0"[39m[33m,[39m[35m1[39m[0m
3 error [0m [90m    |[39m                                        [31m[1m^[22m[39m[0m
3 error [0m [90m 16 |[39m     [32m"prettier"[39m[33m:[39m [32m"^2.7.1"[39m[33m,[39m[0m
3 error [0m [90m 17 |[39m     [32m"react"[39m[33m:[39m [32m"^18.2.0"[39m[33m,[39m[0m
3 error [0m [90m 18 |[39m     [32m"react-dom"[39m[33m:[39m [32m"^18.2.0"[39m[33m,[39m[0m
3 error
3 error     at parseJson (/home/lemm1ng/code/pets/yandex/BattleCity/node_modules/parse-json/index.js:29:21)
3 error     at parse (/home/lemm1ng/code/pets/yandex/BattleCity/node_modules/load-json-file/index.js:15:9)
3 error     at module.exports (/home/lemm1ng/code/pets/yandex/BattleCity/node_modules/load-json-file/index.js:18:47)
